<?xml version="1.0" encoding="UTF-8"?>
<!-- Generated by org.testng.reporters.JUnitXMLReporter -->
<testsuite hostname="2LY89F2" ignored="0" name="Regression Suite" tests="5" failures="2" timestamp="08 Nov 2017 12:06:46 GMT" time="125.983" errors="0">
  <testcase name="VerifyLoginThroughUnderwriterUserRole" time="65.127" classname="com.amplify.test.suite1.TC001_VerifyTasksForUnderwriter"/>
  <testcase name="VerifyOpeningOfUWTasksForUnderwriter" time="15.215" classname="com.amplify.test.suite1.TC001_VerifyTasksForUnderwriter"/>
  <testcase name="VerifyifOpenedUWTasksPopulatesInMyTasksForUnderwriter" time="13.29" classname="com.amplify.test.suite1.TC001_VerifyTasksForUnderwriter">
    <failure type="java.lang.AssertionError" message="expected [UW] but found [UWtoUWQC]">
      <![CDATA[java.lang.AssertionError: expected [UW] but found [UWtoUWQC]
	at com.amplify.test.suite1.TC001_VerifyTasksForUnderwriter.VerifyifOpenedUWTasksPopulatesInMyTasksForUnderwriter(TC001_VerifyTasksForUnderwriter.java:145)
... Removed 31 stack frames]]>
    </failure>
  </testcase> <!-- VerifyifOpenedUWTasksPopulatesInMyTasksForUnderwriter -->
  <testcase name="VerifyCompletionOfUWTaskForUnderwriter" time="6.6" classname="com.amplify.test.suite1.TC001_VerifyTasksForUnderwriter">
    <failure type="java.lang.AssertionError" message="null">
      <![CDATA[java.lang.AssertionError: null
	at com.amplify.test.suite1.TC001_VerifyTasksForUnderwriter.VerifyCompletionOfUWTaskForUnderwriter(TC001_VerifyTasksForUnderwriter.java:182)
... Removed 27 stack frames]]>
    </failure>
  </testcase> <!-- VerifyCompletionOfUWTaskForUnderwriter -->
  <testcase name="VerifyifClosedUWTasksPopulatesInMyTasksForUnderwriter" time="16.261" classname="com.amplify.test.suite1.TC001_VerifyTasksForUnderwriter"/>
</testsuite> <!-- Regression Suite -->
