<html>
<head>
<title>TestNG:  Regression Suite</title>
<link href="../testng.css" rel="stylesheet" type="text/css" />
<link href="../my-testng.css" rel="stylesheet" type="text/css" />

<style type="text/css">
.log { display: none;} 
.stack-trace { display: none;} 
</style>
<script type="text/javascript">
<!--
function flip(e) {
  current = e.style.display;
  if (current == 'block') {
    e.style.display = 'none';
    return 0;
  }
  else {
    e.style.display = 'block';
    return 1;
  }
}

function toggleBox(szDivId, elem, msg1, msg2)
{
  var res = -1;  if (document.getElementById) {
    res = flip(document.getElementById(szDivId));
  }
  else if (document.all) {
    // this is the way old msie versions work
    res = flip(document.all[szDivId]);
  }
  if(elem) {
    if(res == 0) elem.innerHTML = msg1; else elem.innerHTML = msg2;
  }

}

function toggleAllBoxes() {
  if (document.getElementsByTagName) {
    d = document.getElementsByTagName('div');
    for (i = 0; i < d.length; i++) {
      if (d[i].className == 'log') {
        flip(d[i]);
      }
    }
  }
}

// -->
</script>

</head>
<body>
<h2 align='center'>Regression Suite</h2><table border='1' align="center">
<tr>
<td>Tests passed/Failed/Skipped:</td><td>3/2/0</td>
</tr><tr>
<td>Started on:</td><td>Wed Nov 08 17:34:40 IST 2017</td>
</tr>
<tr><td>Total time:</td><td>125 seconds (125983 ms)</td>
</tr><tr>
<td>Included groups:</td><td></td>
</tr><tr>
<td>Excluded groups:</td><td></td>
</tr>
</table><p/>
<small><i>(Hover the method name to see the test class name)</i></small><p/>
<table width='100%' border='1' class='invocation-failed'>
<tr><td colspan='4' align='center'><b>FAILED TESTS</b></td></tr>
<tr><td><b>Test method</b></td>
<td width="30%"><b>Exception</b></td>
<td width="10%"><b>Time (seconds)</b></td>
<td><b>Instance</b></td>
</tr>
<tr>
<td title='com.amplify.test.suite1.TC001_VerifyTasksForUnderwriter.VerifyCompletionOfUWTaskForUnderwriter()'><b>VerifyCompletionOfUWTaskForUnderwriter</b><br>Test class: com.amplify.test.suite1.TC001_VerifyTasksForUnderwriter<br/>
<a href="#Output-913065088" onClick='toggleBox("Output-913065088", this, "Show output", "Hide output");'>Show output</a>

<a href="#Output-913065088" onClick="toggleAllBoxes();">Show all outputs</a>
<div class='log' id="Output-913065088">
**************Starting VerifyCompletionOfUWTaskForUnderwriter Test*****************<br/>
<a href='C:\Project\AmplifyAutomation\src\main\java\com\test\automation\uiAuto\failure_screenshots\VerifyCompletionOfUWTaskForUnderwriter_08_11_2017_05_36_30.png'> <img src='C:\Project\AmplifyAutomation\src\main\java\com\test\automation\uiAuto\failure_screenshots\VerifyCompletionOfUWTaskForUnderwriter_08_11_2017_05_36_30.png' height='100' width='100'/> </a><br/>
</div>
</td>
<td><div><pre>java.lang.AssertionError: null
	at com.amplify.test.suite1.TC001_VerifyTasksForUnderwriter.VerifyCompletionOfUWTaskForUnderwriter(TC001_VerifyTasksForUnderwriter.java:182)
... Removed 27 stack frames</pre></div><a href='#' onClick='toggleBox("stack-trace913065088", this, "Click to show all stack frames", "Click to hide stack frames")'>Click to show all stack frames</a>
<div class='stack-trace' id='stack-trace913065088'><pre>java.lang.AssertionError: null
	at org.testng.Assert.fail(Assert.java:94)
	at org.testng.Assert.fail(Assert.java:101)
	at com.amplify.test.suite1.TC001_VerifyTasksForUnderwriter.VerifyCompletionOfUWTaskForUnderwriter(TC001_VerifyTasksForUnderwriter.java:182)
	at sun.reflect.NativeMethodAccessorImpl.invoke0(Native Method)
	at sun.reflect.NativeMethodAccessorImpl.invoke(NativeMethodAccessorImpl.java:62)
	at sun.reflect.DelegatingMethodAccessorImpl.invoke(DelegatingMethodAccessorImpl.java:43)
	at java.lang.reflect.Method.invoke(Method.java:498)
	at org.testng.internal.MethodInvocationHelper.invokeMethod(MethodInvocationHelper.java:104)
	at org.testng.internal.Invoker.invokeMethod(Invoker.java:645)
	at org.testng.internal.Invoker.invokeTestMethod(Invoker.java:851)
	at org.testng.internal.Invoker.invokeTestMethods(Invoker.java:1177)
	at org.testng.internal.TestMethodWorker.invokeTestMethods(TestMethodWorker.java:129)
	at org.testng.internal.TestMethodWorker.run(TestMethodWorker.java:112)
	at org.testng.TestRunner.privateRun(TestRunner.java:756)
	at org.testng.TestRunner.run(TestRunner.java:610)
	at org.testng.SuiteRunner.runTest(SuiteRunner.java:387)
	at org.testng.SuiteRunner.runSequentially(SuiteRunner.java:382)
	at org.testng.SuiteRunner.privateRun(SuiteRunner.java:340)
	at org.testng.SuiteRunner.run(SuiteRunner.java:289)
	at org.testng.SuiteRunnerWorker.runSuite(SuiteRunnerWorker.java:52)
	at org.testng.SuiteRunnerWorker.run(SuiteRunnerWorker.java:86)
	at org.testng.TestNG.runSuitesSequentially(TestNG.java:1293)
	at org.testng.TestNG.runSuitesLocally(TestNG.java:1218)
	at org.testng.TestNG.runSuites(TestNG.java:1133)
	at org.testng.TestNG.run(TestNG.java:1104)
	at org.testng.remote.AbstractRemoteTestNG.run(AbstractRemoteTestNG.java:132)
	at org.testng.remote.RemoteTestNG.initAndRun(RemoteTestNG.java:230)
	at org.testng.remote.RemoteTestNG.main(RemoteTestNG.java:76)
</pre></div></td>
<td>6</td>
<td>com.amplify.test.suite1.TC001_VerifyTasksForUnderwriter@6950e31</td></tr>
<tr>
<td title='com.amplify.test.suite1.TC001_VerifyTasksForUnderwriter.VerifyifOpenedUWTasksPopulatesInMyTasksForUnderwriter()'><b>VerifyifOpenedUWTasksPopulatesInMyTasksForUnderwriter</b><br>Test class: com.amplify.test.suite1.TC001_VerifyTasksForUnderwriter<br/>
<a href="#Output-1155769010" onClick='toggleBox("Output-1155769010", this, "Show output", "Hide output");'>Show output</a>

<a href="#Output-1155769010" onClick="toggleAllBoxes();">Show all outputs</a>
<div class='log' id="Output-1155769010">
**************Starting VerifyifOpenedUWTasksPopulatesInMyTasksForUnderwriter Test*****************<br/>
<a href='C:\Project\AmplifyAutomation\src\main\java\com\test\automation\uiAuto\failure_screenshots\VerifyifOpenedUWTasksPopulatesInMyTasksForUnderwriter_08_11_2017_05_36_23.png'> <img src='C:\Project\AmplifyAutomation\src\main\java\com\test\automation\uiAuto\failure_screenshots\VerifyifOpenedUWTasksPopulatesInMyTasksForUnderwriter_08_11_2017_05_36_23.png' height='100' width='100'/> </a><br/>
</div>
</td>
<td><div><pre>java.lang.AssertionError: expected [UW] but found [UWtoUWQC]
	at com.amplify.test.suite1.TC001_VerifyTasksForUnderwriter.VerifyifOpenedUWTasksPopulatesInMyTasksForUnderwriter(TC001_VerifyTasksForUnderwriter.java:145)
... Removed 31 stack frames</pre></div><a href='#' onClick='toggleBox("stack-trace1155769010", this, "Click to show all stack frames", "Click to hide stack frames")'>Click to show all stack frames</a>
<div class='stack-trace' id='stack-trace1155769010'><pre>java.lang.AssertionError: expected [UW] but found [UWtoUWQC]
	at org.testng.Assert.fail(Assert.java:94)
	at org.testng.Assert.failNotEquals(Assert.java:513)
	at org.testng.Assert.assertEqualsImpl(Assert.java:135)
	at org.testng.Assert.assertEquals(Assert.java:116)
	at org.testng.Assert.assertEquals(Assert.java:190)
	at org.testng.Assert.assertEquals(Assert.java:200)
	at com.amplify.test.suite1.TC001_VerifyTasksForUnderwriter.VerifyifOpenedUWTasksPopulatesInMyTasksForUnderwriter(TC001_VerifyTasksForUnderwriter.java:145)
	at sun.reflect.NativeMethodAccessorImpl.invoke0(Native Method)
	at sun.reflect.NativeMethodAccessorImpl.invoke(NativeMethodAccessorImpl.java:62)
	at sun.reflect.DelegatingMethodAccessorImpl.invoke(DelegatingMethodAccessorImpl.java:43)
	at java.lang.reflect.Method.invoke(Method.java:498)
	at org.testng.internal.MethodInvocationHelper.invokeMethod(MethodInvocationHelper.java:104)
	at org.testng.internal.Invoker.invokeMethod(Invoker.java:645)
	at org.testng.internal.Invoker.invokeTestMethod(Invoker.java:851)
	at org.testng.internal.Invoker.invokeTestMethods(Invoker.java:1177)
	at org.testng.internal.TestMethodWorker.invokeTestMethods(TestMethodWorker.java:129)
	at org.testng.internal.TestMethodWorker.run(TestMethodWorker.java:112)
	at org.testng.TestRunner.privateRun(TestRunner.java:756)
	at org.testng.TestRunner.run(TestRunner.java:610)
	at org.testng.SuiteRunner.runTest(SuiteRunner.java:387)
	at org.testng.SuiteRunner.runSequentially(SuiteRunner.java:382)
	at org.testng.SuiteRunner.privateRun(SuiteRunner.java:340)
	at org.testng.SuiteRunner.run(SuiteRunner.java:289)
	at org.testng.SuiteRunnerWorker.runSuite(SuiteRunnerWorker.java:52)
	at org.testng.SuiteRunnerWorker.run(SuiteRunnerWorker.java:86)
	at org.testng.TestNG.runSuitesSequentially(TestNG.java:1293)
	at org.testng.TestNG.runSuitesLocally(TestNG.java:1218)
	at org.testng.TestNG.runSuites(TestNG.java:1133)
	at org.testng.TestNG.run(TestNG.java:1104)
	at org.testng.remote.AbstractRemoteTestNG.run(AbstractRemoteTestNG.java:132)
	at org.testng.remote.RemoteTestNG.initAndRun(RemoteTestNG.java:230)
	at org.testng.remote.RemoteTestNG.main(RemoteTestNG.java:76)
</pre></div></td>
<td>13</td>
<td>com.amplify.test.suite1.TC001_VerifyTasksForUnderwriter@6950e31</td></tr>
</table><p>
<table width='100%' border='1' class='invocation-passed'>
<tr><td colspan='4' align='center'><b>PASSED TESTS</b></td></tr>
<tr><td><b>Test method</b></td>
<td width="30%"><b>Exception</b></td>
<td width="10%"><b>Time (seconds)</b></td>
<td><b>Instance</b></td>
</tr>
<tr>
<td title='com.amplify.test.suite1.TC001_VerifyTasksForUnderwriter.VerifyLoginThroughUnderwriterUserRole()'><b>VerifyLoginThroughUnderwriterUserRole</b><br>Test class: com.amplify.test.suite1.TC001_VerifyTasksForUnderwriter<br/>
<a href="#Output-313082880" onClick='toggleBox("Output-313082880", this, "Show output", "Hide output");'>Show output</a>

<a href="#Output-313082880" onClick="toggleAllBoxes();">Show all outputs</a>
<div class='log' id="Output-313082880">
**************Starting VerifyLoginThroughUnderwriterUserRole Test*****************<br/>
Login with Underwriter<br/>
Click Login Button<br/>
*************Ending VerifyLoginThroughUnderwriterUserRole Test<br/>
<a href='C:\Project\AmplifyAutomation\src\main\java\com\test\automation\uiAutomation\failure_screenshots\VerifyLoginThroughUnderwriterUserRole_08_11_2017_05_35_54.png'> <img src='C:\Project\AmplifyAutomation\src\main\java\com\test\automation\uiAutomation\failure_screenshots\VerifyLoginThroughUnderwriterUserRole_08_11_2017_05_35_54.png' height='100' width='100'/> </a><br/>
</div>
</td>
<td></td>
<td>65</td>
<td>com.amplify.test.suite1.TC001_VerifyTasksForUnderwriter@6950e31</td></tr>
<tr>
<td title='com.amplify.test.suite1.TC001_VerifyTasksForUnderwriter.VerifyOpeningOfUWTasksForUnderwriter()'><b>VerifyOpeningOfUWTasksForUnderwriter</b><br>Test class: com.amplify.test.suite1.TC001_VerifyTasksForUnderwriter<br/>
<a href="#Output-1533123860" onClick='toggleBox("Output-1533123860", this, "Show output", "Hide output");'>Show output</a>

<a href="#Output-1533123860" onClick="toggleAllBoxes();">Show all outputs</a>
<div class='log' id="Output-1533123860">
**************Starting VerifyOpeningOfUWTasksForUnderwriter Test*****************<br/>
Click Loan Overview Tab<br/>
Click Search Button<br/>
Enter Loan in Loan Number Search Box<br/>
Click Second Search Button<br/>
Select Loan in Loan Overview Tab<br/>
Click Create Checklist Button<br/>
Get Popup Title<br/>
close Popup window<br/>
Select Loan in Loan Overview Tab<br/>
clickViewLoanButton<br/>
clickTasksTabinViewLoanPopup<br/>
<a href='C:\Project\AmplifyAutomation\src\main\java\com\test\automation\uiAutomation\failure_screenshots\VerifyOpeningOfUWTasksForUnderwriter_08_11_2017_05_36_10.png'> <img src='C:\Project\AmplifyAutomation\src\main\java\com\test\automation\uiAutomation\failure_screenshots\VerifyOpeningOfUWTasksForUnderwriter_08_11_2017_05_36_10.png' height='100' width='100'/> </a><br/>
</div>
</td>
<td></td>
<td>15</td>
<td>com.amplify.test.suite1.TC001_VerifyTasksForUnderwriter@6950e31</td></tr>
<tr>
<td title='com.amplify.test.suite1.TC001_VerifyTasksForUnderwriter.VerifyifClosedUWTasksPopulatesInMyTasksForUnderwriter()'><b>VerifyifClosedUWTasksPopulatesInMyTasksForUnderwriter</b><br>Test class: com.amplify.test.suite1.TC001_VerifyTasksForUnderwriter<br/>
<a href="#Output-1420810053" onClick='toggleBox("Output-1420810053", this, "Show output", "Hide output");'>Show output</a>

<a href="#Output-1420810053" onClick="toggleAllBoxes();">Show all outputs</a>
<div class='log' id="Output-1420810053">
**************Starting VerifyifClosedUWTasksPopulatesInMyTasksForUnderwriter Test*****************<br/>
*************Ending VerifyifClosedUWTasksPopulatesInMyTasksForUnderwriter Test<br/>
<a href='C:\Project\AmplifyAutomation\src\main\java\com\test\automation\uiAutomation\failure_screenshots\VerifyifClosedUWTasksPopulatesInMyTasksForUnderwriter_08_11_2017_05_36_46.png'> <img src='C:\Project\AmplifyAutomation\src\main\java\com\test\automation\uiAutomation\failure_screenshots\VerifyifClosedUWTasksPopulatesInMyTasksForUnderwriter_08_11_2017_05_36_46.png' height='100' width='100'/> </a><br/>
</div>
</td>
<td></td>
<td>16</td>
<td>com.amplify.test.suite1.TC001_VerifyTasksForUnderwriter@6950e31</td></tr>
</table><p>
</body>
</html>