<!DOCTYPE html PUBLIC "-//W3C//DTD XHTML 1.1//EN" "http://www.w3.org/TR/xhtml11/DTD/xhtml11.dtd">
<html xmlns="http://www.w3.org/1999/xhtml"><head><title>TestNG Report</title><style type="text/css">table {margin-bottom:10px;border-collapse:collapse;empty-cells:show}th,td {border:1px solid #009;padding:.25em .5em}th {vertical-align:bottom}td {vertical-align:top}table a {font-weight:bold}.stripe td {background-color: #E6EBF9}.num {text-align:right}.passedodd td {background-color: #3F3}.passedeven td {background-color: #0A0}.skippedodd td {background-color: #DDD}.skippedeven td {background-color: #CCC}.failedodd td,.attn {background-color: #F33}.failedeven td,.stripe .attn {background-color: #D00}.stacktrace {white-space:pre;font-family:monospace}.totop {font-size:85%;text-align:center;border-bottom:2px solid #000}</style></head><body><table><tr><th>Test</th><th># Passed</th><th># Skipped</th><th># Failed</th><th>Time (ms)</th><th>Included Groups</th><th>Excluded Groups</th></tr><tr><th colspan="7">FirstSuite</th></tr><tr><td><a href="#t0">Regression Suite</a></td><td class="num">3</td><td class="num">0</td><td class="num attn">2</td><td class="num">125,983</td><td></td><td></td></tr></table><table><thead><tr><th>Class</th><th>Method</th><th>Start</th><th>Time (ms)</th></tr></thead><tbody><tr><th colspan="4">FirstSuite</th></tr></tbody><tbody id="t0"><tr><th colspan="4">Regression Suite &#8212; failed</th></tr><tr class="failedeven"><td rowspan="2">com.amplify.test.suite1.TC001_VerifyTasksForUnderwriter</td><td><a href="#m0">VerifyCompletionOfUWTaskForUnderwriter</a></td><td rowspan="1">1510142783845</td><td rowspan="1">6600</td></tr><tr class="failedeven"><td><a href="#m1">VerifyifOpenedUWTasksPopulatesInMyTasksForUnderwriter</a></td><td rowspan="1">1510142770492</td><td rowspan="1">13290</td></tr><tr><th colspan="4">Regression Suite &#8212; passed</th></tr><tr class="passedeven"><td rowspan="3">com.amplify.test.suite1.TC001_VerifyTasksForUnderwriter</td><td><a href="#m2">VerifyLoginThroughUnderwriterUserRole</a></td><td rowspan="1">1510142689667</td><td rowspan="1">65127</td></tr><tr class="passedeven"><td><a href="#m3">VerifyOpeningOfUWTasksForUnderwriter</a></td><td rowspan="1">1510142755169</td><td rowspan="1">15215</td></tr><tr class="passedeven"><td><a href="#m4">VerifyifClosedUWTasksPopulatesInMyTasksForUnderwriter</a></td><td rowspan="1">1510142790507</td><td rowspan="1">16261</td></tr></tbody></table><h2>Regression Suite</h2><h3 id="m0">com.amplify.test.suite1.TC001_VerifyTasksForUnderwriter#VerifyCompletionOfUWTaskForUnderwriter</h3><table class="result"><tr><th>Messages</th></tr><tr><td><div class="messages">**************Starting VerifyCompletionOfUWTaskForUnderwriter Test*****************<br/><a href='C:\Project\AmplifyAutomation\src\main\java\com\test\automation\uiAuto\failure_screenshots\VerifyCompletionOfUWTaskForUnderwriter_08_11_2017_05_36_30.png'> <img src='C:\Project\AmplifyAutomation\src\main\java\com\test\automation\uiAuto\failure_screenshots\VerifyCompletionOfUWTaskForUnderwriter_08_11_2017_05_36_30.png' height='100' width='100'/> </a></div></td></tr><tr><th>Exception</th></tr><tr><td><div class="stacktrace">java.lang.AssertionError: null
	at com.amplify.test.suite1.TC001_VerifyTasksForUnderwriter.VerifyCompletionOfUWTaskForUnderwriter(TC001_VerifyTasksForUnderwriter.java:182)
... Removed 27 stack frames</div></td></tr></table><p class="totop"><a href="#summary">back to summary</a></p><h3 id="m1">com.amplify.test.suite1.TC001_VerifyTasksForUnderwriter#VerifyifOpenedUWTasksPopulatesInMyTasksForUnderwriter</h3><table class="result"><tr><th>Messages</th></tr><tr><td><div class="messages">**************Starting VerifyifOpenedUWTasksPopulatesInMyTasksForUnderwriter Test*****************<br/><a href='C:\Project\AmplifyAutomation\src\main\java\com\test\automation\uiAuto\failure_screenshots\VerifyifOpenedUWTasksPopulatesInMyTasksForUnderwriter_08_11_2017_05_36_23.png'> <img src='C:\Project\AmplifyAutomation\src\main\java\com\test\automation\uiAuto\failure_screenshots\VerifyifOpenedUWTasksPopulatesInMyTasksForUnderwriter_08_11_2017_05_36_23.png' height='100' width='100'/> </a></div></td></tr><tr><th>Exception</th></tr><tr><td><div class="stacktrace">java.lang.AssertionError: expected [UW] but found [UWtoUWQC]
	at com.amplify.test.suite1.TC001_VerifyTasksForUnderwriter.VerifyifOpenedUWTasksPopulatesInMyTasksForUnderwriter(TC001_VerifyTasksForUnderwriter.java:145)
... Removed 31 stack frames</div></td></tr></table><p class="totop"><a href="#summary">back to summary</a></p><h3 id="m2">com.amplify.test.suite1.TC001_VerifyTasksForUnderwriter#VerifyLoginThroughUnderwriterUserRole</h3><table class="result"><tr><th>Messages</th></tr><tr><td><div class="messages">**************Starting VerifyLoginThroughUnderwriterUserRole Test*****************<br/>Login with Underwriter<br/>Click Login Button<br/>*************Ending VerifyLoginThroughUnderwriterUserRole Test<br/><a href='C:\Project\AmplifyAutomation\src\main\java\com\test\automation\uiAutomation\failure_screenshots\VerifyLoginThroughUnderwriterUserRole_08_11_2017_05_35_54.png'> <img src='C:\Project\AmplifyAutomation\src\main\java\com\test\automation\uiAutomation\failure_screenshots\VerifyLoginThroughUnderwriterUserRole_08_11_2017_05_35_54.png' height='100' width='100'/> </a></div></td></tr></table><p class="totop"><a href="#summary">back to summary</a></p><h3 id="m3">com.amplify.test.suite1.TC001_VerifyTasksForUnderwriter#VerifyOpeningOfUWTasksForUnderwriter</h3><table class="result"><tr><th>Messages</th></tr><tr><td><div class="messages">**************Starting VerifyOpeningOfUWTasksForUnderwriter Test*****************<br/>Click Loan Overview Tab<br/>Click Search Button<br/>Enter Loan in Loan Number Search Box<br/>Click Second Search Button<br/>Select Loan in Loan Overview Tab<br/>Click Create Checklist Button<br/>Get Popup Title<br/>close Popup window<br/>Select Loan in Loan Overview Tab<br/>clickViewLoanButton<br/>clickTasksTabinViewLoanPopup<br/><a href='C:\Project\AmplifyAutomation\src\main\java\com\test\automation\uiAutomation\failure_screenshots\VerifyOpeningOfUWTasksForUnderwriter_08_11_2017_05_36_10.png'> <img src='C:\Project\AmplifyAutomation\src\main\java\com\test\automation\uiAutomation\failure_screenshots\VerifyOpeningOfUWTasksForUnderwriter_08_11_2017_05_36_10.png' height='100' width='100'/> </a></div></td></tr></table><p class="totop"><a href="#summary">back to summary</a></p><h3 id="m4">com.amplify.test.suite1.TC001_VerifyTasksForUnderwriter#VerifyifClosedUWTasksPopulatesInMyTasksForUnderwriter</h3><table class="result"><tr><th>Messages</th></tr><tr><td><div class="messages">**************Starting VerifyifClosedUWTasksPopulatesInMyTasksForUnderwriter Test*****************<br/>*************Ending VerifyifClosedUWTasksPopulatesInMyTasksForUnderwriter Test<br/><a href='C:\Project\AmplifyAutomation\src\main\java\com\test\automation\uiAutomation\failure_screenshots\VerifyifClosedUWTasksPopulatesInMyTasksForUnderwriter_08_11_2017_05_36_46.png'> <img src='C:\Project\AmplifyAutomation\src\main\java\com\test\automation\uiAutomation\failure_screenshots\VerifyifClosedUWTasksPopulatesInMyTasksForUnderwriter_08_11_2017_05_36_46.png' height='100' width='100'/> </a></div></td></tr></table><p class="totop"><a href="#summary">back to summary</a></p></body></html>