<?xml version="1.0" encoding="UTF-8"?>
<testng-results skipped="1" failed="1" ignored="0" total="6" passed="4">
  <reporter-output>
    <line>
      <![CDATA[Test Starts :Regression Suite]]>
    </line>
    <line>
      <![CDATA[**************Starting VerifyLoginThroughUnderwriterUserRole Test*****************]]>
    </line>
    <line>
      <![CDATA[Login with Underwriter]]>
    </line>
    <line>
      <![CDATA[Click Login Button]]>
    </line>
    <line>
      <![CDATA[*************Ending VerifyLoginThroughUnderwriterUserRole Test]]>
    </line>
    <line>
      <![CDATA[<a href='C:\Project\AmplifyAutomation\src\main\java\com\test\automation\uiAutomation\failure_screenshots\VerifyLoginThroughUnderwriterUserRole_30_10_2017_06_25_54.png'> <img src='C:\Project\AmplifyAutomation\src\main\java\com\test\automation\uiAutomation\failure_screenshots\VerifyLoginThroughUnderwriterUserRole_30_10_2017_06_25_54.png' height='100' width='100'/> </a>]]>
    </line>
    <line>
      <![CDATA[**************Starting VerifyOpeningOfUWTasksForUnderwriter Test*****************]]>
    </line>
    <line>
      <![CDATA[Click Loan Overview Tab]]>
    </line>
    <line>
      <![CDATA[Click Search Button]]>
    </line>
    <line>
      <![CDATA[Enter Loan in Loan Number Search Box]]>
    </line>
    <line>
      <![CDATA[Click Second Search Button]]>
    </line>
    <line>
      <![CDATA[Select Loan in Loan Overview Tab]]>
    </line>
    <line>
      <![CDATA[Click Create Checklist Button]]>
    </line>
    <line>
      <![CDATA[Get Popup Title]]>
    </line>
    <line>
      <![CDATA[close Popup window]]>
    </line>
    <line>
      <![CDATA[Select Loan in Loan Overview Tab]]>
    </line>
    <line>
      <![CDATA[clickViewLoanButton]]>
    </line>
    <line>
      <![CDATA[clickTasksTabinViewLoanPopup]]>
    </line>
    <line>
      <![CDATA[<a href='C:\Project\AmplifyAutomation\src\main\java\com\test\automation\uiAutomation\failure_screenshots\VerifyOpeningOfUWTasksForUnderwriter_30_10_2017_06_26_07.png'> <img src='C:\Project\AmplifyAutomation\src\main\java\com\test\automation\uiAutomation\failure_screenshots\VerifyOpeningOfUWTasksForUnderwriter_30_10_2017_06_26_07.png' height='100' width='100'/> </a>]]>
    </line>
    <line>
      <![CDATA[**************Starting VerifyifOpenedUWTasksPopulatesInMyTasksForUnderwriter Test*****************]]>
    </line>
    <line>
      <![CDATA[*************Ending VerifyifOpenedUWTasksPopulatesInMyTasksForUnderwriter Test]]>
    </line>
    <line>
      <![CDATA[<a href='C:\Project\AmplifyAutomation\src\main\java\com\test\automation\uiAutomation\failure_screenshots\VerifyifOpenedUWTasksPopulatesInMyTasksForUnderwriter_30_10_2017_06_26_20.png'> <img src='C:\Project\AmplifyAutomation\src\main\java\com\test\automation\uiAutomation\failure_screenshots\VerifyifOpenedUWTasksPopulatesInMyTasksForUnderwriter_30_10_2017_06_26_20.png' height='100' width='100'/> </a>]]>
    </line>
    <line>
      <![CDATA[**************Starting VerifyCompletionOfUWTaskForUnderwriter Test*****************]]>
    </line>
    <line>
      <![CDATA[*************Ending VerifyCompletionOfUWTaskForUnderwriter Test]]>
    </line>
    <line>
      <![CDATA[<a href='C:\Project\AmplifyAutomation\src\main\java\com\test\automation\uiAutomation\failure_screenshots\VerifyCompletionOfUWTaskForUnderwriter_30_10_2017_07_08_28.png'> <img src='C:\Project\AmplifyAutomation\src\main\java\com\test\automation\uiAutomation\failure_screenshots\VerifyCompletionOfUWTaskForUnderwriter_30_10_2017_07_08_28.png' height='100' width='100'/> </a>]]>
    </line>
    <line>
      <![CDATA[**************Starting VerifyifClosedUWTasksPopulatesInMyTasksForUnderwriter Test*****************]]>
    </line>
    <line>
      <![CDATA[Retrying test VerifyifClosedUWTasksPopulatesInMyTasksForUnderwriter with status FAILURE for the 1 time(s).]]>
    </line>
    <line>
      <![CDATA[Test is skipped:VerifyifClosedUWTasksPopulatesInMyTasksForUnderwriter]]>
    </line>
    <line>
      <![CDATA[**************Starting VerifyifClosedUWTasksPopulatesInMyTasksForUnderwriter Test*****************]]>
    </line>
    <line>
      <![CDATA[<a href='C:\Project\AmplifyAutomation\src\main\java\com\test\automation\uiAuto\failure_screenshots\VerifyifClosedUWTasksPopulatesInMyTasksForUnderwriter_30_10_2017_07_08_54.png'> <img src='C:\Project\AmplifyAutomation\src\main\java\com\test\automation\uiAuto\failure_screenshots\VerifyifClosedUWTasksPopulatesInMyTasksForUnderwriter_30_10_2017_07_08_54.png' height='100' width='100'/> </a>]]>
    </line>
  </reporter-output>
  <suite name="FirstSuite" duration-ms="2656815" started-at="2017-10-30T12:54:38Z" finished-at="2017-10-30T13:38:54Z">
    <groups>
    </groups>
    <test name="Regression Suite" duration-ms="2656815" started-at="2017-10-30T12:54:38Z" finished-at="2017-10-30T13:38:54Z">
      <class name="com.amplify.test.suite1.TC001_VerifyTasksForUnderwriter">
        <test-method status="PASS" signature="setUp()[pri:0, instance:com.amplify.test.suite1.TC001_VerifyTasksForUnderwriter@765d7657]" name="setUp" is-config="true" duration-ms="7314" started-at="2017-10-30T18:24:38Z" finished-at="2017-10-30T18:24:45Z">
          <reporter-output>
          </reporter-output>
        </test-method> <!-- setUp -->
        <test-method status="PASS" signature="VerifyLoginThroughUnderwriterUserRole()[pri:0, instance:com.amplify.test.suite1.TC001_VerifyTasksForUnderwriter@765d7657]" name="VerifyLoginThroughUnderwriterUserRole" duration-ms="68987" started-at="2017-10-30T18:24:45Z" finished-at="2017-10-30T18:25:54Z">
          <reporter-output>
            <line>
              <![CDATA[**************Starting VerifyLoginThroughUnderwriterUserRole Test*****************]]>
            </line>
            <line>
              <![CDATA[Login with Underwriter]]>
            </line>
            <line>
              <![CDATA[Click Login Button]]>
            </line>
            <line>
              <![CDATA[*************Ending VerifyLoginThroughUnderwriterUserRole Test]]>
            </line>
            <line>
              <![CDATA[<a href='C:\Project\AmplifyAutomation\src\main\java\com\test\automation\uiAutomation\failure_screenshots\VerifyLoginThroughUnderwriterUserRole_30_10_2017_06_25_54.png'> <img src='C:\Project\AmplifyAutomation\src\main\java\com\test\automation\uiAutomation\failure_screenshots\VerifyLoginThroughUnderwriterUserRole_30_10_2017_06_25_54.png' height='100' width='100'/> </a>]]>
            </line>
          </reporter-output>
        </test-method> <!-- VerifyLoginThroughUnderwriterUserRole -->
        <test-method status="PASS" signature="VerifyOpeningOfUWTasksForUnderwriter()[pri:1, instance:com.amplify.test.suite1.TC001_VerifyTasksForUnderwriter@765d7657]" name="VerifyOpeningOfUWTasksForUnderwriter" duration-ms="12481" started-at="2017-10-30T18:25:54Z" depends-on-methods="com.amplify.test.suite1.TC001_VerifyTasksForUnderwriter.VerifyLoginThroughUnderwriterUserRole" finished-at="2017-10-30T18:26:07Z">
          <reporter-output>
            <line>
              <![CDATA[**************Starting VerifyOpeningOfUWTasksForUnderwriter Test*****************]]>
            </line>
            <line>
              <![CDATA[Click Loan Overview Tab]]>
            </line>
            <line>
              <![CDATA[Click Search Button]]>
            </line>
            <line>
              <![CDATA[Enter Loan in Loan Number Search Box]]>
            </line>
            <line>
              <![CDATA[Click Second Search Button]]>
            </line>
            <line>
              <![CDATA[Select Loan in Loan Overview Tab]]>
            </line>
            <line>
              <![CDATA[Click Create Checklist Button]]>
            </line>
            <line>
              <![CDATA[Get Popup Title]]>
            </line>
            <line>
              <![CDATA[close Popup window]]>
            </line>
            <line>
              <![CDATA[Select Loan in Loan Overview Tab]]>
            </line>
            <line>
              <![CDATA[clickViewLoanButton]]>
            </line>
            <line>
              <![CDATA[clickTasksTabinViewLoanPopup]]>
            </line>
            <line>
              <![CDATA[<a href='C:\Project\AmplifyAutomation\src\main\java\com\test\automation\uiAutomation\failure_screenshots\VerifyOpeningOfUWTasksForUnderwriter_30_10_2017_06_26_07.png'> <img src='C:\Project\AmplifyAutomation\src\main\java\com\test\automation\uiAutomation\failure_screenshots\VerifyOpeningOfUWTasksForUnderwriter_30_10_2017_06_26_07.png' height='100' width='100'/> </a>]]>
            </line>
          </reporter-output>
        </test-method> <!-- VerifyOpeningOfUWTasksForUnderwriter -->
        <test-method status="PASS" signature="VerifyifOpenedUWTasksPopulatesInMyTasksForUnderwriter()[pri:2, instance:com.amplify.test.suite1.TC001_VerifyTasksForUnderwriter@765d7657]" name="VerifyifOpenedUWTasksPopulatesInMyTasksForUnderwriter" duration-ms="13161" started-at="2017-10-30T18:26:07Z" finished-at="2017-10-30T18:26:20Z">
          <reporter-output>
            <line>
              <![CDATA[**************Starting VerifyifOpenedUWTasksPopulatesInMyTasksForUnderwriter Test*****************]]>
            </line>
            <line>
              <![CDATA[*************Ending VerifyifOpenedUWTasksPopulatesInMyTasksForUnderwriter Test]]>
            </line>
            <line>
              <![CDATA[<a href='C:\Project\AmplifyAutomation\src\main\java\com\test\automation\uiAutomation\failure_screenshots\VerifyifOpenedUWTasksPopulatesInMyTasksForUnderwriter_30_10_2017_06_26_20.png'> <img src='C:\Project\AmplifyAutomation\src\main\java\com\test\automation\uiAutomation\failure_screenshots\VerifyifOpenedUWTasksPopulatesInMyTasksForUnderwriter_30_10_2017_06_26_20.png' height='100' width='100'/> </a>]]>
            </line>
          </reporter-output>
        </test-method> <!-- VerifyifOpenedUWTasksPopulatesInMyTasksForUnderwriter -->
        <test-method status="PASS" signature="VerifyCompletionOfUWTaskForUnderwriter()[pri:3, instance:com.amplify.test.suite1.TC001_VerifyTasksForUnderwriter@765d7657]" name="VerifyCompletionOfUWTaskForUnderwriter" duration-ms="2527845" started-at="2017-10-30T18:26:20Z" depends-on-methods="com.amplify.test.suite1.TC001_VerifyTasksForUnderwriter.VerifyifOpenedUWTasksPopulatesInMyTasksForUnderwriter" finished-at="2017-10-30T19:08:28Z">
          <reporter-output>
            <line>
              <![CDATA[**************Starting VerifyCompletionOfUWTaskForUnderwriter Test*****************]]>
            </line>
            <line>
              <![CDATA[*************Ending VerifyCompletionOfUWTaskForUnderwriter Test]]>
            </line>
            <line>
              <![CDATA[<a href='C:\Project\AmplifyAutomation\src\main\java\com\test\automation\uiAutomation\failure_screenshots\VerifyCompletionOfUWTaskForUnderwriter_30_10_2017_07_08_28.png'> <img src='C:\Project\AmplifyAutomation\src\main\java\com\test\automation\uiAutomation\failure_screenshots\VerifyCompletionOfUWTaskForUnderwriter_30_10_2017_07_08_28.png' height='100' width='100'/> </a>]]>
            </line>
          </reporter-output>
        </test-method> <!-- VerifyCompletionOfUWTaskForUnderwriter -->
        <test-method status="SKIP" signature="VerifyifClosedUWTasksPopulatesInMyTasksForUnderwriter()[pri:4, instance:com.amplify.test.suite1.TC001_VerifyTasksForUnderwriter@765d7657]" name="VerifyifClosedUWTasksPopulatesInMyTasksForUnderwriter" duration-ms="10399" started-at="2017-10-30T19:08:28Z" finished-at="2017-10-30T19:08:38Z">
          <exception class="java.lang.AssertionError">
            <message>
              <![CDATA[null]]>
            </message>
            <full-stacktrace>
              <![CDATA[java.lang.AssertionError: null
	at org.testng.Assert.fail(Assert.java:94)
	at org.testng.Assert.fail(Assert.java:101)
	at com.amplify.test.suite1.TC001_VerifyTasksForUnderwriter.VerifyifClosedUWTasksPopulatesInMyTasksForUnderwriter(TC001_VerifyTasksForUnderwriter.java:207)
	at sun.reflect.NativeMethodAccessorImpl.invoke0(Native Method)
	at sun.reflect.NativeMethodAccessorImpl.invoke(NativeMethodAccessorImpl.java:62)
	at sun.reflect.DelegatingMethodAccessorImpl.invoke(DelegatingMethodAccessorImpl.java:43)
	at java.lang.reflect.Method.invoke(Method.java:498)
	at org.testng.internal.MethodInvocationHelper.invokeMethod(MethodInvocationHelper.java:104)
	at org.testng.internal.Invoker.invokeMethod(Invoker.java:645)
	at org.testng.internal.Invoker.invokeTestMethod(Invoker.java:851)
	at org.testng.internal.Invoker.invokeTestMethods(Invoker.java:1177)
	at org.testng.internal.TestMethodWorker.invokeTestMethods(TestMethodWorker.java:129)
	at org.testng.internal.TestMethodWorker.run(TestMethodWorker.java:112)
	at org.testng.TestRunner.privateRun(TestRunner.java:756)
	at org.testng.TestRunner.run(TestRunner.java:610)
	at org.testng.SuiteRunner.runTest(SuiteRunner.java:387)
	at org.testng.SuiteRunner.runSequentially(SuiteRunner.java:382)
	at org.testng.SuiteRunner.privateRun(SuiteRunner.java:340)
	at org.testng.SuiteRunner.run(SuiteRunner.java:289)
	at org.testng.SuiteRunnerWorker.runSuite(SuiteRunnerWorker.java:52)
	at org.testng.SuiteRunnerWorker.run(SuiteRunnerWorker.java:86)
	at org.testng.TestNG.runSuitesSequentially(TestNG.java:1293)
	at org.testng.TestNG.runSuitesLocally(TestNG.java:1218)
	at org.testng.TestNG.runSuites(TestNG.java:1133)
	at org.testng.TestNG.run(TestNG.java:1104)
	at org.testng.remote.AbstractRemoteTestNG.run(AbstractRemoteTestNG.java:132)
	at org.testng.remote.RemoteTestNG.initAndRun(RemoteTestNG.java:230)
	at org.testng.remote.RemoteTestNG.main(RemoteTestNG.java:76)
]]>
            </full-stacktrace>
          </exception> <!-- java.lang.AssertionError -->
          <reporter-output>
            <line>
              <![CDATA[**************Starting VerifyifClosedUWTasksPopulatesInMyTasksForUnderwriter Test*****************]]>
            </line>
            <line>
              <![CDATA[Retrying test VerifyifClosedUWTasksPopulatesInMyTasksForUnderwriter with status FAILURE for the 1 time(s).]]>
            </line>
            <line>
              <![CDATA[Test is skipped:VerifyifClosedUWTasksPopulatesInMyTasksForUnderwriter]]>
            </line>
          </reporter-output>
        </test-method> <!-- VerifyifClosedUWTasksPopulatesInMyTasksForUnderwriter -->
        <test-method status="FAIL" signature="VerifyifClosedUWTasksPopulatesInMyTasksForUnderwriter()[pri:4, instance:com.amplify.test.suite1.TC001_VerifyTasksForUnderwriter@765d7657]" name="VerifyifClosedUWTasksPopulatesInMyTasksForUnderwriter" duration-ms="16216" started-at="2017-10-30T19:08:38Z" finished-at="2017-10-30T19:08:54Z">
          <exception class="java.lang.AssertionError">
            <message>
              <![CDATA[expected [UW] but found []]]>
            </message>
            <full-stacktrace>
              <![CDATA[java.lang.AssertionError: expected [UW] but found []
	at org.testng.Assert.fail(Assert.java:94)
	at org.testng.Assert.failNotEquals(Assert.java:513)
	at org.testng.Assert.assertEqualsImpl(Assert.java:135)
	at org.testng.Assert.assertEquals(Assert.java:116)
	at org.testng.Assert.assertEquals(Assert.java:190)
	at org.testng.Assert.assertEquals(Assert.java:200)
	at com.amplify.test.suite1.TC001_VerifyTasksForUnderwriter.VerifyifClosedUWTasksPopulatesInMyTasksForUnderwriter(TC001_VerifyTasksForUnderwriter.java:202)
	at sun.reflect.NativeMethodAccessorImpl.invoke0(Native Method)
	at sun.reflect.NativeMethodAccessorImpl.invoke(NativeMethodAccessorImpl.java:62)
	at sun.reflect.DelegatingMethodAccessorImpl.invoke(DelegatingMethodAccessorImpl.java:43)
	at java.lang.reflect.Method.invoke(Method.java:498)
	at org.testng.internal.MethodInvocationHelper.invokeMethod(MethodInvocationHelper.java:104)
	at org.testng.internal.Invoker.invokeMethod(Invoker.java:645)
	at org.testng.internal.Invoker.retryFailed(Invoker.java:998)
	at org.testng.internal.Invoker.invokeTestMethods(Invoker.java:1200)
	at org.testng.internal.TestMethodWorker.invokeTestMethods(TestMethodWorker.java:129)
	at org.testng.internal.TestMethodWorker.run(TestMethodWorker.java:112)
	at org.testng.TestRunner.privateRun(TestRunner.java:756)
	at org.testng.TestRunner.run(TestRunner.java:610)
	at org.testng.SuiteRunner.runTest(SuiteRunner.java:387)
	at org.testng.SuiteRunner.runSequentially(SuiteRunner.java:382)
	at org.testng.SuiteRunner.privateRun(SuiteRunner.java:340)
	at org.testng.SuiteRunner.run(SuiteRunner.java:289)
	at org.testng.SuiteRunnerWorker.runSuite(SuiteRunnerWorker.java:52)
	at org.testng.SuiteRunnerWorker.run(SuiteRunnerWorker.java:86)
	at org.testng.TestNG.runSuitesSequentially(TestNG.java:1293)
	at org.testng.TestNG.runSuitesLocally(TestNG.java:1218)
	at org.testng.TestNG.runSuites(TestNG.java:1133)
	at org.testng.TestNG.run(TestNG.java:1104)
	at org.testng.remote.AbstractRemoteTestNG.run(AbstractRemoteTestNG.java:132)
	at org.testng.remote.RemoteTestNG.initAndRun(RemoteTestNG.java:230)
	at org.testng.remote.RemoteTestNG.main(RemoteTestNG.java:76)
]]>
            </full-stacktrace>
          </exception> <!-- java.lang.AssertionError -->
          <reporter-output>
            <line>
              <![CDATA[**************Starting VerifyifClosedUWTasksPopulatesInMyTasksForUnderwriter Test*****************]]>
            </line>
            <line>
              <![CDATA[<a href='C:\Project\AmplifyAutomation\src\main\java\com\test\automation\uiAuto\failure_screenshots\VerifyifClosedUWTasksPopulatesInMyTasksForUnderwriter_30_10_2017_07_08_54.png'> <img src='C:\Project\AmplifyAutomation\src\main\java\com\test\automation\uiAuto\failure_screenshots\VerifyifClosedUWTasksPopulatesInMyTasksForUnderwriter_30_10_2017_07_08_54.png' height='100' width='100'/> </a>]]>
            </line>
          </reporter-output>
        </test-method> <!-- VerifyifClosedUWTasksPopulatesInMyTasksForUnderwriter -->
      </class> <!-- com.amplify.test.suite1.TC001_VerifyTasksForUnderwriter -->
    </test> <!-- Regression Suite -->
  </suite> <!-- FirstSuite -->
</testng-results>
